#
# There is insufficient memory for the Java Runtime Environment to continue.
# Native memory allocation (mmap) failed to map 29360128 bytes for Failed to commit area from 0x00000000a3000000 to 0x00000000a4c00000 of length 29360128.
# Possible reasons:
#   The system is out of physical RAM or swap space
#   The process is running with CompressedOops enabled, and the Java Heap may be blocking the growth of the native heap
# Possible solutions:
#   Reduce memory load on the system
#   Increase physical memory or swap space
#   Check if swap backing store is full
#   Decrease Java heap size (-Xmx/-Xms)
#   Decrease number of Java threads
#   Decrease Java thread stack sizes (-Xss)
#   Set larger code cache with -XX:ReservedCodeCacheSize=
#   JVM is running with Unscaled Compressed Oops mode in which the Java heap is
#     placed in the first 4GB address space. The Java Heap base address is the
#     maximum limit for the native heap growth. Please use -XX:HeapBaseMinAddress
#     to set the Java Heap base and to place the Java Heap above 4GB virtual address.
# This output file may be truncated or incomplete.
#
#  Out of Memory Error (./open/src/hotspot/os/windows/os_windows.cpp:3292), pid=3660, tid=9672
#
# JRE version: Java(TM) SE Runtime Environment 18.9 (11.0.18+9) (build 11.0.18+9-LTS-195)
# Java VM: Java HotSpot(TM) 64-Bit Server VM 18.9 (11.0.18+9-LTS-195, mixed mode, tiered, compressed oops, g1 gc, windows-amd64)
# No core dump will be written. Minidumps are not enabled by default on client versions of Windows
#

---------------  S U M M A R Y ------------

Command Line: -Dapplication.home=C:\Program Files\Java\jdk-11 --add-modules=ALL-DEFAULT -Xms8m -Djdk.module.main=jdk.compiler jdk.compiler/com.sun.tools.javac.Main -d C:\Users\Javier\OneDrive\Escritorio\ptc\PTC-2023\build\classes -classpath C:\Users\Javier\OneDrive\Escritorio\ptc\PTC-2023\build\classes;C:\Program Files\NetBeans-11.1\netbeans\java\modules\ext\AbsoluteLayout.jar;C:\Users\Javier\OneDrive\Escritorio\librerias java\RSScaleLabel.jar;C:\Users\Javier\OneDrive\Escritorio\librerias java\mssql-jdbc-12.2.0.jre11.jar;C:\Users\Javier\OneDrive\Escritorio\librerias java\Desplazable.jar;C:\Users\Javier\OneDrive\Escritorio\ptc\PTC-2023\jcalendar-1.4.jar;C:\Users\Javier\OneDrive\Escritorio\librerias java\activation.jar;C:\Users\Javier\OneDrive\Escritorio\librerias java\javax.mail.jar;C:\Users\Javier\OneDrive\Escritorio\librerias java\librerias encriptacion\commons-codec-1.6-javadoc.jar;C:\Users\Javier\OneDrive\Escritorio\librerias java\librerias encriptacion\commons-codec-1.6-sources.jar;C:\Users\Javier\OneDrive\Escritorio\librerias java\librerias encriptacion\commons-codec-1.6-tests.jar;C:\Users\Javier\OneDrive\Escritorio\librerias java\librerias encriptacion\commons-codec-1.6.jar -sourcepath C:\Users\Javier\OneDrive\Escritorio\ptc\PTC-2023\build\empty -target 11 -encoding UTF-8 -g -processorpath C:\Program Files\NetBeans-11.1\netbeans\java\modules\ext\AbsoluteLayout.jar;C:\Users\Javier\OneDrive\Escritorio\librerias java\RSScaleLabel.jar;D:\clases\segundoAnio\CursosTecnicos\Herramientas\bordes redondeados;C:\Users\Javier\OneDrive\Escritorio\librerias java\mssql-jdbc-12.2.0.jre11.jar;C:\Users\Javier\OneDrive\Escritorio\librerias java\Desplazable.jar;D:\clases\segundoAnio\CursosTecnicos\Herramientas\menu plegable\Desplazable.jar;C:\Users\Javier\OneDrive\Escritorio\ptc\PTC-2023\jcalendar-1.4.jar;C:\Users\Javier\OneDrive\Escritorio\librerias java\activation.jar;C:\Users\Javier\OneDrive\Escritorio\librerias java\javax.mail.jar;C:\Users\Javier\OneDrive\Escritorio\Login tutorial\Lib\commons-codec-1.6-javadoc.jar;C:\Users\Javier\OneDrive\Escritorio\Login tutorial\Lib\commons-codec-1.6-sources.jar;C:\Users\Javier\OneDrive\Escritorio\Login tutorial\Lib\commons-codec-1.6-tests.jar;C:\Users\Javier\OneDrive\Escritorio\Login tutorial\Lib\commons-codec-1.6.jar;C:\Users\Javier\OneDrive\Escritorio\librerias java\librerias encriptacion\commons-codec-1.6-javadoc.jar;C:\Users\Javier\OneDrive\Escritorio\librerias java\librerias encriptacion\commons-codec-1.6-sources.jar;C:\Users\Javier\OneDrive\Escritorio\librerias java\librerias encriptacion\commons-codec-1.6-tests.jar;C:\Users\Javier\OneDrive\Escritorio\librerias java\librerias encriptacion\commons-codec-1.6.jar;C:\Users\Javier\OneDrive\Escritorio\ptc\PTC-2023\build\empty -s C:\Users\Javier\OneDrive\Escritorio\ptc\PTC-2023\build\generated-sources\ap-source-output -source 11 @C:\Users\Javier\AppData\Local\Temp\files11247217077444890489

Host: AMD Athlon Gold 3150U with Radeon Graphics     , 4 cores, 5G,  Windows 11 , 64 bit Build 22621 (10.0.22621.2070)
Time: Tue Aug 15 21:30:56 2023 Hora estándar, América Central elapsed time: 1.726315 seconds (0d 0h 0m 1s)

---------------  T H R E A D  ---------------

Current thread (0x000002136e2bf800):  VMThread "VM Thread" [stack: 0x0000001855a00000,0x0000001855b00000] [id=9672]

Stack: [0x0000001855a00000,0x0000001855b00000]
[error occurred during error reporting (printing stack bounds), id 0xc0000005, EXCEPTION_ACCESS_VIOLATION (0xc0000005) at pc=0x0000021358e00f2d]

Native frames: (J=compiled Java code, j=interpreted, Vv=VM code, C=native code)
V  [jvm.dll+0x65d8aa]
V  [jvm.dll+0x79fc1f]
V  [jvm.dll+0x7a12e9]
V  [jvm.dll+0x7a18e5]
V  [jvm.dll+0x7a189b]
V  [jvm.dll+0x65cdb3]
V  [jvm.dll+0x65d4a8]
C  [ntdll.dll+0xa3dff]
C  [ntdll.dll+0x1e456]
C  [ntdll.dll+0xa2dee]
C  0x0000021358e00f2d

VM_Operation (0x00000018554fcf50): G1CollectForAllocation, mode: safepoint, requested by thread 0x0000021351735800


---------------  P R O C E S S  ---------------

Threads class SMR info:
_java_thread_list=0x000002136e313410, length=10, elements={
0x0000021351735800, 0x000002136e2da000, 0x000002136e30d000, 0x000002136e368800,
0x000002136e36b800, 0x000002136e312000, 0x000002136e31d000, 0x000002136e36f000,
0x000002136e372800, 0x000002136e5fd000
}

Java Threads: ( => current thread )
  0x0000021351735800 JavaThread "main" [_thread_blocked, id=23864, stack(0x0000001855400000,0x0000001855500000)]
  0x000002136e2da000 JavaThread "Reference Handler" daemon [_thread_blocked, id=19300, stack(0x0000001855b00000,0x0000001855c00000)]
  0x000002136e30d000 JavaThread "Finalizer" daemon [_thread_blocked, id=24188, stack(0x0000001855c00000,0x0000001855d00000)]
  0x000002136e368800 JavaThread "Signal Dispatcher" daemon [_thread_blocked, id=23204, stack(0x0000001855d00000,0x0000001855e00000)]
  0x000002136e36b800 JavaThread "Attach Listener" daemon [_thread_blocked, id=19928, stack(0x0000001855e00000,0x0000001855f00000)]
  0x000002136e312000 JavaThread "Service Thread" daemon [_thread_blocked, id=17604, stack(0x0000001855f00000,0x0000001856000000)]
  0x000002136e31d000 JavaThread "C2 CompilerThread0" daemon [_thread_blocked, id=23788, stack(0x0000001856000000,0x0000001856100000)]
  0x000002136e36f000 JavaThread "C1 CompilerThread0" daemon [_thread_blocked, id=18244, stack(0x0000001856100000,0x0000001856200000)]
  0x000002136e372800 JavaThread "Sweeper thread" daemon [_thread_blocked, id=23012, stack(0x0000001856200000,0x0000001856300000)]
  0x000002136e5fd000 JavaThread "Common-Cleaner" daemon [_thread_blocked, id=20864, stack(0x0000001856300000,0x0000001856400000)]

Other Threads:
=>0x000002136e2bf800 VMThread "VM Thread" [stack: 0x0000001855a00000,0x0000001855b00000] [id=9672]
  0x000002136e67b000 WatcherThread [stack: 0x0000001856400000,0x0000001856500000] [id=18612]
  0x000002135174a000 GCTaskThread "GC Thread#0" [stack: 0x0000001855500000,0x0000001855600000] [id=11780]
  0x000002136e8a2800 GCTaskThread "GC Thread#1" [stack: 0x0000001856500000,0x0000001856600000] [id=7228]
  0x0000021351771800 ConcurrentGCThread "G1 Main Marker" [stack: 0x0000001855600000,0x0000001855700000] [id=19040]
  0x0000021351774000 ConcurrentGCThread "G1 Conc#0" [stack: 0x0000001855700000,0x0000001855800000] [id=23964]
  0x000002135178f000 ConcurrentGCThread "G1 Refine#0" [stack: 0x0000001855800000,0x0000001855900000] [id=12944]
  0x0000021351792000 ConcurrentGCThread "G1 Young RemSet Sampling" [stack: 0x0000001855900000,0x0000001855a00000] [id=24268]

Threads with active compile tasks:
C2 CompilerThread0     1739 1456       4       java.lang.AbstractStringBuilder::appendChars (133 bytes)
C1 CompilerThread0     1739 1577       2       java.util.stream.ReferencePipeline$3$1::<init> (11 bytes)

VM state:at safepoint (normal execution)

VM Mutex/Monitor currently owned by a thread:  ([mutex/lock_event])
[0x0000021351731750] Threads_lock - owner thread: 0x000002136e2bf800
[0x0000021351731990] Heap_lock - owner thread: 0x0000021351735800

Heap address: 0x00000000a1200000, size: 1518 MB, Compressed Oops mode: 32-bit
Narrow klass base: 0x0000000000000000, Narrow klass shift: 3
Compressed class space size: 1073741824 Address: 0x0000000100000000

Heap:
 garbage-first heap   total 59392K, used 14049K [0x00000000a1200000, 0x0000000100000000)
  region size 1024K, 1 young (1024K), 1 survivors (1024K)
 Metaspace       used 15595K, capacity 15868K, committed 16128K, reserved 1062912K
  class space    used 1601K, capacity 1726K, committed 1792K, reserved 1048576K
Heap Regions: E=young(eden), S=young(survivor), O=old, HS=humongous(starts), HC=humongous(continues), CS=collection set, F=free, A=archive, TAMS=top-at-mark-start (previous, next)
|   0|0x00000000a1200000, 0x00000000a1300000, 0x00000000a1300000|100%| O|  |TAMS 0x00000000a1300000, 0x00000000a1200000| Untracked 
|   1|0x00000000a1300000, 0x00000000a1400000, 0x00000000a1400000|100%| O|  |TAMS 0x00000000a1400000, 0x00000000a1300000| Untracked 
|   2|0x00000000a1400000, 0x00000000a1500000, 0x00000000a1500000|100%| O|  |TAMS 0x00000000a1500000, 0x00000000a1400000| Untracked 
|   3|0x00000000a1500000, 0x00000000a1600000, 0x00000000a1600000|100%| O|  |TAMS 0x00000000a1600000, 0x00000000a1500000| Untracked 
|   4|0x00000000a1600000, 0x00000000a1700000, 0x00000000a1700000|100%| O|  |TAMS 0x00000000a1700000, 0x00000000a1600000| Untracked 
|   5|0x00000000a1700000, 0x00000000a1800000, 0x00000000a1800000|100%| O|  |TAMS 0x00000000a1800000, 0x00000000a1700000| Untracked 
|   6|0x00000000a1800000, 0x00000000a1900000, 0x00000000a1900000|100%| O|  |TAMS 0x00000000a1900000, 0x00000000a1800000| Untracked 
|   7|0x00000000a1900000, 0x00000000a1a00000, 0x00000000a1a00000|100%| O|  |TAMS 0x00000000a1a00000, 0x00000000a1900000| Untracked 
|   8|0x00000000a1a00000, 0x00000000a1b00000, 0x00000000a1b00000|100%| O|  |TAMS 0x00000000a1a4f000, 0x00000000a1a00000| Untracked 
|   9|0x00000000a1b00000, 0x00000000a1c00000, 0x00000000a1c00000|100%| O|  |TAMS 0x00000000a1b00000, 0x00000000a1b00000| Untracked 
|  10|0x00000000a1c00000, 0x00000000a1d00000, 0x00000000a1d00000|100%| O|  |TAMS 0x00000000a1c00000, 0x00000000a1c00000| Untracked 
|  11|0x00000000a1d00000, 0x00000000a1e00000, 0x00000000a1e00000|100%| O|  |TAMS 0x00000000a1d00000, 0x00000000a1d00000| Untracked 
|  12|0x00000000a1e00000, 0x00000000a1eb8400, 0x00000000a1f00000| 71%| O|  |TAMS 0x00000000a1e00000, 0x00000000a1e00000| Untracked 
|  13|0x00000000a1f00000, 0x00000000a1f00000, 0x00000000a2000000|  0%| F|  |TAMS 0x00000000a1f00000, 0x00000000a1f00000| Untracked 
|  14|0x00000000a2000000, 0x00000000a2000000, 0x00000000a2100000|  0%| F|  |TAMS 0x00000000a2000000, 0x00000000a2000000| Untracked 
|  15|0x00000000a2100000, 0x00000000a2100000, 0x00000000a2200000|  0%| F|  |TAMS 0x00000000a2100000, 0x00000000a2100000| Untracked 
|  16|0x00000000a2200000, 0x00000000a2200000, 0x00000000a2300000|  0%| F|  |TAMS 0x00000000a2200000, 0x00000000a2200000| Untracked 
|  17|0x00000000a2300000, 0x00000000a2300000, 0x00000000a2400000|  0%| F|  |TAMS 0x00000000a2300000, 0x00000000a2300000| Untracked 
|  18|0x00000000a2400000, 0x00000000a2400000, 0x00000000a2500000|  0%| F|  |TAMS 0x00000000a2400000, 0x00000000a2400000| Untracked 
|  19|0x00000000a2500000, 0x00000000a2500000, 0x00000000a2600000|  0%| F|  |TAMS 0x00000000a2500000, 0x00000000a2500000| Untracked 
|  20|0x00000000a2600000, 0x00000000a2600000, 0x00000000a2700000|  0%| F|  |TAMS 0x00000000a2600000, 0x00000000a2600000| Untracked 
|  21|0x00000000a2700000, 0x00000000a2700000, 0x00000000a2800000|  0%| F|  |TAMS 0x00000000a2700000, 0x00000000a2700000| Untracked 
|  22|0x00000000a2800000, 0x00000000a2900000, 0x00000000a2900000|100%| S|CS|TAMS 0x00000000a2800000, 0x00000000a2800000| Complete 
|  23|0x00000000a2900000, 0x00000000a2900000, 0x00000000a2a00000|  0%| F|  |TAMS 0x00000000a2900000, 0x00000000a2900000| Untracked 
|  24|0x00000000a2a00000, 0x00000000a2a00000, 0x00000000a2b00000|  0%| F|  |TAMS 0x00000000a2a00000, 0x00000000a2a00000| Untracked 
|  25|0x00000000a2b00000, 0x00000000a2b00000, 0x00000000a2c00000|  0%| F|  |TAMS 0x00000000a2b00000, 0x00000000a2b00000| Untracked 
|  26|0x00000000a2c00000, 0x00000000a2c00000, 0x00000000a2d00000|  0%| F|  |TAMS 0x00000000a2c00000, 0x00000000a2c00000| Untracked 
|  27|0x00000000a2d00000, 0x00000000a2d00000, 0x00000000a2e00000|  0%| F|  |TAMS 0x00000000a2d00000, 0x00000000a2d00000| Untracked 
|  28|0x00000000a2e00000, 0x00000000a2e00000, 0x00000000a2f00000|  0%| F|  |TAMS 0x00000000a2e00000, 0x00000000a2e00000| Untracked 
|  29|0x00000000a2f00000, 0x00000000a2f00000, 0x00000000a3000000|  0%| F|  |TAMS 0x00000000a2f00000, 0x00000000a2f00000| Untracked 

Card table byte_map: [0x0000021368100000,0x0000021368400000] _byte_map_base: 0x0000021367bf7000

Marking Bits (Prev, Next): (CMBitMap*) 0x000002135176af98, (CMBitMap*) 0x000002135176afd0
 Prev Bits: [0x0000021368700000, 0x0000021369eb8000)
 Next Bits: [0x0000021369ec0000, 0x000002136b678000)

Polling page: 0x000002134f700000

Metaspace:

Usage:
  Non-class:     13.81 MB capacity,    13.67 MB ( 99%) used,   120.09 KB ( <1%) free+waste,    27.75 KB ( <1%) overhead. 
      Class:      1.69 MB capacity,     1.56 MB ( 93%) used,   110.76 KB (  6%) free+waste,    13.44 KB ( <1%) overhead. 
       Both:     15.50 MB capacity,    15.23 MB ( 98%) used,   230.85 KB (  1%) free+waste,    41.19 KB ( <1%) overhead. 

Virtual space:
  Non-class space:       14.00 MB reserved,      14.00 MB (100%) committed 
      Class space:        1.00 GB reserved,       1.75 MB ( <1%) committed 
             Both:        1.01 GB reserved,      15.75 MB (  2%) committed 

Chunk freelists:
   Non-Class:  256 bytes
       Class:  256 bytes
        Both:  512 bytes

CodeHeap 'non-profiled nmethods': size=120064Kb used=368Kb max_used=368Kb free=119695Kb
 bounds [0x00000213608c0000, 0x0000021360b30000, 0x0000021367e00000]
CodeHeap 'profiled nmethods': size=120000Kb used=3162Kb max_used=3162Kb free=116837Kb
 bounds [0x0000021359390000, 0x00000213596b0000, 0x00000213608c0000]
CodeHeap 'non-nmethods': size=5696Kb used=1095Kb max_used=1132Kb free=4600Kb
 bounds [0x0000021358e00000, 0x0000021359070000, 0x0000021359390000]
 total_blobs=1930 nmethods=1523 adapters=318
 compilation: enabled
              stopped_count=0, restarted_count=0
 full_count=0

Compilation events (10 events):
Event: 1.716 Thread 0x000002136e36f000 nmethod 1573 0x00000213596a5110 code [0x00000213596a52e0, 0x00000213596a5648]
Event: 1.716 Thread 0x000002136e36f000 1578       2       java.util.stream.AbstractPipeline::<init> (91 bytes)
Event: 1.716 Thread 0x000002136e36f000 nmethod 1578 0x00000213596a5810 code [0x00000213596a59e0, 0x00000213596a5d98]
Event: 1.716 Thread 0x000002136e36f000 1579       2       com.sun.tools.javac.code.Scope$ScopeImpl$2::<init> (73 bytes)
Event: 1.716 Thread 0x000002136e36f000 nmethod 1579 0x00000213596a5f10 code [0x00000213596a60c0, 0x00000213596a6408]
Event: 1.716 Thread 0x000002136e36f000 1576       2       java.util.stream.ReferencePipeline$3::opWrapSink (10 bytes)
Event: 1.716 Thread 0x000002136e31d000 nmethod 1418 0x000002136091ba10 code [0x000002136091bba0, 0x000002136091bf98]
Event: 1.717 Thread 0x000002136e31d000 1456       4       java.lang.AbstractStringBuilder::appendChars (133 bytes)
Event: 1.717 Thread 0x000002136e36f000 nmethod 1576 0x00000213596a6590 code [0x00000213596a6740, 0x00000213596a6a68]
Event: 1.717 Thread 0x000002136e36f000 1577       2       java.util.stream.ReferencePipeline$3$1::<init> (11 bytes)

GC Heap History (10 events):
Event: 1.354 GC heap after
{Heap after GC invocations=18 (full 0):
 garbage-first heap   total 17408K, used 9532K [0x00000000a1200000, 0x0000000100000000)
  region size 1024K, 1 young (1024K), 1 survivors (1024K)
 Metaspace       used 14935K, capacity 15228K, committed 15232K, reserved 1062912K
  class space    used 1541K, capacity 1662K, committed 1664K, reserved 1048576K
}
Event: 1.451 GC heap before
{Heap before GC invocations=19 (full 0):
 garbage-first heap   total 17408K, used 11580K [0x00000000a1200000, 0x0000000100000000)
  region size 1024K, 3 young (3072K), 1 survivors (1024K)
 Metaspace       used 15045K, capacity 15317K, committed 15616K, reserved 1062912K
  class space    used 1552K, capacity 1671K, committed 1792K, reserved 1048576K
}
Event: 1.455 GC heap after
{Heap after GC invocations=20 (full 0):
 garbage-first heap   total 30720K, used 10116K [0x00000000a1200000, 0x0000000100000000)
  region size 1024K, 1 young (1024K), 1 survivors (1024K)
 Metaspace       used 15045K, capacity 15317K, committed 15616K, reserved 1062912K
  class space    used 1552K, capacity 1671K, committed 1792K, reserved 1048576K
}
Event: 1.533 GC heap before
{Heap before GC invocations=20 (full 0):
 garbage-first heap   total 30720K, used 15236K [0x00000000a1200000, 0x0000000100000000)
  region size 1024K, 6 young (6144K), 1 survivors (1024K)
 Metaspace       used 15273K, capacity 15630K, committed 15872K, reserved 1062912K
  class space    used 1572K, capacity 1712K, committed 1792K, reserved 1048576K
}
Event: 1.536 GC heap after
{Heap after GC invocations=21 (full 0):
 garbage-first heap   total 30720K, used 10665K [0x00000000a1200000, 0x0000000100000000)
  region size 1024K, 1 young (1024K), 1 survivors (1024K)
 Metaspace       used 15273K, capacity 15630K, committed 15872K, reserved 1062912K
  class space    used 1572K, capacity 1712K, committed 1792K, reserved 1048576K
}
Event: 1.585 GC heap before
{Heap before GC invocations=21 (full 0):
 garbage-first heap   total 30720K, used 16809K [0x00000000a1200000, 0x0000000100000000)
  region size 1024K, 7 young (7168K), 1 survivors (1024K)
 Metaspace       used 15405K, capacity 15696K, committed 15872K, reserved 1062912K
  class space    used 1585K, capacity 1712K, committed 1792K, reserved 1048576K
}
Event: 1.590 GC heap after
{Heap after GC invocations=22 (full 0):
 garbage-first heap   total 30720K, used 11647K [0x00000000a1200000, 0x0000000100000000)
  region size 1024K, 1 young (1024K), 1 survivors (1024K)
 Metaspace       used 15405K, capacity 15696K, committed 15872K, reserved 1062912K
  class space    used 1585K, capacity 1712K, committed 1792K, reserved 1048576K
}
Event: 1.627 GC heap before
{Heap before GC invocations=22 (full 0):
 garbage-first heap   total 30720K, used 17791K [0x00000000a1200000, 0x0000000100000000)
  region size 1024K, 7 young (7168K), 1 survivors (1024K)
 Metaspace       used 15438K, capacity 15706K, committed 15872K, reserved 1062912K
  class space    used 1589K, capacity 1715K, committed 1792K, reserved 1048576K
}
Event: 1.631 GC heap after
{Heap after GC invocations=23 (full 0):
 garbage-first heap   total 30720K, used 12535K [0x00000000a1200000, 0x0000000100000000)
  region size 1024K, 1 young (1024K), 1 survivors (1024K)
 Metaspace       used 15438K, capacity 15706K, committed 15872K, reserved 1062912K
  class space    used 1589K, capacity 1715K, committed 1792K, reserved 1048576K
}
Event: 1.717 GC heap before
{Heap before GC invocations=23 (full 0):
 garbage-first heap   total 30720K, used 18679K [0x00000000a1200000, 0x0000000100000000)
  region size 1024K, 7 young (7168K), 1 survivors (1024K)
 Metaspace       used 15595K, capacity 15868K, committed 16128K, reserved 1062912K
  class space    used 1601K, capacity 1726K, committed 1792K, reserved 1048576K
}

Deoptimization events (9 events):
Event: 0.269 Thread 0x0000021351735800 Uncommon trap: reason=unstable_if action=reinterpret pc=0x00000213608cf2e0 method=java.nio.Buffer.hasRemaining()Z @ 8 c2
Event: 0.275 Thread 0x0000021351735800 Uncommon trap: reason=class_check action=maybe_recompile pc=0x00000213608cc07c method=java.util.HashMap.putVal(ILjava/lang/Object;Ljava/lang/Object;ZZ)Ljava/lang/Object; @ 253 c2
Event: 0.275 Thread 0x0000021351735800 Uncommon trap: reason=unstable_if action=reinterpret pc=0x00000213608cc684 method=java.util.HashMap.putVal(ILjava/lang/Object;Ljava/lang/Object;ZZ)Ljava/lang/Object; @ 181 c2
Event: 0.806 Thread 0x0000021351735800 Uncommon trap: reason=unstable_if action=reinterpret pc=0x00000213608f0ccc method=com.sun.tools.javac.parser.UnicodeReader.scanChar()V @ 37 c2
Event: 0.849 Thread 0x0000021351735800 Uncommon trap: reason=unstable_if action=reinterpret pc=0x00000213608f1fa0 method=com.sun.tools.javac.util.ArrayUtils.ensureCapacity([CI)[C @ 3 c2
Event: 1.007 Thread 0x0000021351735800 Uncommon trap: reason=unstable_if action=reinterpret pc=0x00000213608f5430 method=com.sun.tools.javac.parser.JavaTokenizer.readToken()Lcom/sun/tools/javac/parser/Tokens$Token; @ 39 c2
Event: 1.037 Thread 0x0000021351735800 Uncommon trap: reason=unstable_if action=reinterpret pc=0x00000213608fc39c method=com.sun.tools.javac.util.Name$Table.equals([BI[BII)Z @ 22 c2
Event: 1.127 Thread 0x0000021351735800 Uncommon trap: reason=unstable_if action=reinterpret pc=0x00000213608fda5c method=com.sun.tools.javac.util.Name$Table.equals([BI[BII)Z @ 22 c2
Event: 1.328 Thread 0x0000021351735800 Uncommon trap: reason=unstable_if action=reinterpret pc=0x00000213608e1ea8 method=java.lang.String.regionMatches(ILjava/lang/String;II)Z @ 111 c2

Classes redefined (0 events):
No events

Internal exceptions (10 events):
Event: 1.507 Thread 0x0000021351735800 Exception <a 'sun/nio/fs/WindowsException'{0x00000000a2dbd558}> (0x00000000a2dbd558) thrown at [./open/src/hotspot/share/prims/jni.cpp, line 611]
Event: 1.507 Thread 0x0000021351735800 Exception <a 'sun/nio/fs/WindowsException'{0x00000000a2dbd818}> (0x00000000a2dbd818) thrown at [./open/src/hotspot/share/prims/jni.cpp, line 611]
Event: 1.558 Thread 0x0000021351735800 Exception <a 'sun/nio/fs/WindowsException'{0x00000000a2e2e6e0}> (0x00000000a2e2e6e0) thrown at [./open/src/hotspot/share/prims/jni.cpp, line 611]
Event: 1.558 Thread 0x0000021351735800 Exception <a 'sun/nio/fs/WindowsException'{0x00000000a2e2e9b0}> (0x00000000a2e2e9b0) thrown at [./open/src/hotspot/share/prims/jni.cpp, line 611]
Event: 1.560 Thread 0x0000021351735800 Exception <a 'sun/nio/fs/WindowsException'{0x00000000a2e31b18}> (0x00000000a2e31b18) thrown at [./open/src/hotspot/share/prims/jni.cpp, line 611]
Event: 1.560 Thread 0x0000021351735800 Exception <a 'sun/nio/fs/WindowsException'{0x00000000a2e31dd8}> (0x00000000a2e31dd8) thrown at [./open/src/hotspot/share/prims/jni.cpp, line 611]
Event: 1.653 Thread 0x0000021351735800 Exception <a 'sun/nio/fs/WindowsException'{0x00000000a2eddea8}> (0x00000000a2eddea8) thrown at [./open/src/hotspot/share/prims/jni.cpp, line 611]
Event: 1.653 Thread 0x0000021351735800 Exception <a 'sun/nio/fs/WindowsException'{0x00000000a2ede198}> (0x00000000a2ede198) thrown at [./open/src/hotspot/share/prims/jni.cpp, line 611]
Event: 1.654 Thread 0x0000021351735800 Exception <a 'sun/nio/fs/WindowsException'{0x00000000a2ee5190}> (0x00000000a2ee5190) thrown at [./open/src/hotspot/share/prims/jni.cpp, line 611]
Event: 1.655 Thread 0x0000021351735800 Exception <a 'sun/nio/fs/WindowsException'{0x00000000a2ee5478}> (0x00000000a2ee5478) thrown at [./open/src/hotspot/share/prims/jni.cpp, line 611]

Events (10 events):
Event: 1.707 loading class com/sun/tools/javac/comp/Annotate done
Event: 1.708 loading class com/sun/tools/javac/comp/Env
Event: 1.708 loading class com/sun/tools/javac/comp/Env done
Event: 1.708 loading class com/sun/tools/javac/code/TypeAnnotations
Event: 1.708 loading class com/sun/tools/javac/code/TypeAnnotations done
Event: 1.708 loading class com/sun/tools/javac/comp/Env
Event: 1.708 loading class com/sun/tools/javac/comp/Env done
Event: 1.708 loading class com/sun/tools/javac/code/TypeAnnotations
Event: 1.708 loading class com/sun/tools/javac/code/TypeAnnotations done
Event: 1.717 Executing VM operation: G1CollectForAllocation


Dynamic libraries:
0x00007ff7a5320000 - 0x00007ff7a5328000 	C:\Program Files\Java\jdk-11\bin\javac.exe
0x00007ff844570000 - 0x00007ff844784000 	C:\WINDOWS\SYSTEM32\ntdll.dll
0x00007ff843160000 - 0x00007ff843224000 	C:\WINDOWS\System32\KERNEL32.DLL
0x00007ff841950000 - 0x00007ff841cf4000 	C:\WINDOWS\System32\KERNELBASE.dll
0x00007ff841f70000 - 0x00007ff842081000 	C:\WINDOWS\System32\ucrtbase.dll
0x00007ff82d0a0000 - 0x00007ff82d0b8000 	C:\Program Files\Java\jdk-11\bin\jli.dll
0x00007ff814e90000 - 0x00007ff814eab000 	C:\Program Files\Java\jdk-11\bin\VCRUNTIME140.dll
0x00007ff843a50000 - 0x00007ff843b00000 	C:\WINDOWS\System32\ADVAPI32.dll
0x00007ff8437f0000 - 0x00007ff843897000 	C:\WINDOWS\System32\msvcrt.dll
0x00007ff844450000 - 0x00007ff8444f6000 	C:\WINDOWS\System32\sechost.dll
0x00007ff843b00000 - 0x00007ff843c17000 	C:\WINDOWS\System32\RPCRT4.dll
0x00007ff843230000 - 0x00007ff8433da000 	C:\WINDOWS\System32\USER32.dll
0x00007ff841ec0000 - 0x00007ff841ee6000 	C:\WINDOWS\System32\win32u.dll
0x00007ff821bb0000 - 0x00007ff821e3f000 	C:\WINDOWS\WinSxS\amd64_microsoft.windows.common-controls_6595b64144ccf1df_6.0.22621.2070_none_2713e6537381f706\COMCTL32.dll
0x00007ff844500000 - 0x00007ff844529000 	C:\WINDOWS\System32\GDI32.dll
0x00007ff841da0000 - 0x00007ff841eb9000 	C:\WINDOWS\System32\gdi32full.dll
0x00007ff841d00000 - 0x00007ff841d9a000 	C:\WINDOWS\System32\msvcp_win.dll
0x00007ff838bd0000 - 0x00007ff838bda000 	C:\WINDOWS\SYSTEM32\VERSION.dll
0x00007ff842550000 - 0x00007ff842581000 	C:\WINDOWS\System32\IMM32.DLL
0x00007ff81e0c0000 - 0x00007ff81e0cc000 	C:\Program Files\Java\jdk-11\bin\vcruntime140_1.dll
0x00007ffff81b0000 - 0x00007ffff823e000 	C:\Program Files\Java\jdk-11\bin\msvcp140.dll
0x00007fffeb440000 - 0x00007fffebfa8000 	C:\Program Files\Java\jdk-11\bin\server\jvm.dll
0x00007ff842a00000 - 0x00007ff842a08000 	C:\WINDOWS\System32\PSAPI.DLL
0x00007ff829420000 - 0x00007ff829429000 	C:\WINDOWS\SYSTEM32\WSOCK32.dll
0x00007ff83b350000 - 0x00007ff83b384000 	C:\WINDOWS\SYSTEM32\WINMM.dll
0x00007ff842b80000 - 0x00007ff842bf1000 	C:\WINDOWS\System32\WS2_32.dll
0x00007ff840a30000 - 0x00007ff840a48000 	C:\WINDOWS\SYSTEM32\kernel.appcore.dll
0x00007ff81d510000 - 0x00007ff81d520000 	C:\Program Files\Java\jdk-11\bin\verify.dll
0x00007ff830570000 - 0x00007ff83079e000 	C:\WINDOWS\SYSTEM32\DBGHELP.DLL
0x00007ff842590000 - 0x00007ff84291a000 	C:\WINDOWS\System32\combase.dll
0x00007ff842aa0000 - 0x00007ff842b77000 	C:\WINDOWS\System32\OLEAUT32.dll
0x00007ff829450000 - 0x00007ff829482000 	C:\WINDOWS\SYSTEM32\dbgcore.DLL
0x00007ff841ef0000 - 0x00007ff841f6a000 	C:\WINDOWS\System32\bcryptPrimitives.dll
0x00007ff814e20000 - 0x00007ff814e48000 	C:\Program Files\Java\jdk-11\bin\java.dll
0x00007ff81d3a0000 - 0x00007ff81d3aa000 	C:\Program Files\Java\jdk-11\bin\jimage.dll
0x00007ff814e00000 - 0x00007ff814e17000 	C:\Program Files\Java\jdk-11\bin\zip.dll
0x00007ff843c30000 - 0x00007ff844446000 	C:\WINDOWS\System32\SHELL32.dll
0x00007ff83f930000 - 0x00007ff84021a000 	C:\WINDOWS\SYSTEM32\windows.storage.dll
0x00007ff83f7f0000 - 0x00007ff83f92e000 	C:\WINDOWS\SYSTEM32\wintypes.dll
0x00007ff8438a0000 - 0x00007ff843993000 	C:\WINDOWS\System32\SHCORE.dll
0x00007ff843100000 - 0x00007ff84315e000 	C:\WINDOWS\System32\shlwapi.dll
0x00007ff841880000 - 0x00007ff8418a6000 	C:\WINDOWS\SYSTEM32\profapi.dll
0x00007ff814de0000 - 0x00007ff814df9000 	C:\Program Files\Java\jdk-11\bin\net.dll
0x00007ff83a680000 - 0x00007ff83a7b7000 	C:\WINDOWS\SYSTEM32\WINHTTP.dll
0x00007ff840f00000 - 0x00007ff840f69000 	C:\WINDOWS\system32\mswsock.dll
0x00007ff814bb0000 - 0x00007ff814bc2000 	C:\Program Files\Java\jdk-11\bin\nio.dll

dbghelp: loaded successfully - version: 4.0.5 - missing functions: none
symbol engine: initialized successfully - sym options: 0x614 - pdb path: .;C:\Program Files\Java\jdk-11\bin;C:\WINDOWS\SYSTEM32;C:\WINDOWS\WinSxS\amd64_microsoft.windows.common-controls_6595b64144ccf1df_6.0.22621.2070_none_2713e6537381f706;C:\Program Files\Java\jdk-11\bin\server

VM Arguments:
jvm_args: -Dapplication.home=C:\Program Files\Java\jdk-11 --add-modules=ALL-DEFAULT -Xms8m -Djdk.module.main=jdk.compiler 
java_command: jdk.compiler/com.sun.tools.javac.Main -d C:\Users\Javier\OneDrive\Escritorio\ptc\PTC-2023\build\classes -classpath C:\Users\Javier\OneDrive\Escritorio\ptc\PTC-2023\build\classes;C:\Program Files\NetBeans-11.1\netbeans\java\modules\ext\AbsoluteLayout.jar;C:\Users\Javier\OneDrive\Escritorio\librerias java\RSScaleLabel.jar;C:\Users\Javier\OneDrive\Escritorio\librerias java\mssql-jdbc-12.2.0.jre11.jar;C:\Users\Javier\OneDrive\Escritorio\librerias java\Desplazable.jar;C:\Users\Javier\OneDrive\Escritorio\ptc\PTC-2023\jcalendar-1.4.jar;C:\Users\Javier\OneDrive\Escritorio\librerias java\activation.jar;C:\Users\Javier\OneDrive\Escritorio\librerias java\javax.mail.jar;C:\Users\Javier\OneDrive\Escritorio\librerias java\librerias encriptacion\commons-codec-1.6-javadoc.jar;C:\Users\Javier\OneDrive\Escritorio\librerias java\librerias encriptacion\commons-codec-1.6-sources.jar;C:\Users\Javier\OneDrive\Escritorio\librerias java\librerias encriptacion\commons-codec-1.6-tests.jar;C:\Users\Javier\OneDrive\Escritorio\librerias java\librerias encriptacion\commons-codec-1.6.jar -sourcepath C:\Users\Javier\OneDrive\Escritorio\ptc\PTC-2023\build\empty -target 11 -encoding UTF-8 -g -processorpath C:\Program Files\NetBeans-11.1\netbeans\java\modules\ext\AbsoluteLayout.jar;C:\Users\Javier\OneDrive\Escritorio\librerias java\RSScaleLabel.jar;D:\clases\segundoAnio\CursosTecnicos\Herramientas\bordes redondeados;C:\Users\Javier\OneDrive\Escritorio\librerias java\mssql-jdbc-12.2.0.jre11.jar;C:\Users\Javier\OneDrive\Escritorio\librerias java\Desplazable.jar;D:\clases\segundoAnio\CursosTecnicos\Herramientas\menu plegable\Desplazable.jar;C:\Users\Javier\OneDrive\Escritorio\ptc\PTC-2023\jcalendar-1.4.jar;C:\Users\Javier\OneDrive\Escritorio\librerias java\activation.jar;C:\Users\Javier\OneDrive\Escritorio\librerias java\javax.mail.jar;C:\Users\Javier\OneDrive\Escritorio\Login tutorial\Lib\commons-codec-1.6-javadoc.jar;C:\Users\Javier\OneDrive\Escritorio\Login tutorial\Lib\commons-codec-1
java_class_path (initial): <not set>
Launcher Type: SUN_STANDARD

[Global flags]
     intx CICompilerCount                          = 3                                         {product} {ergonomic}
     uint ConcGCThreads                            = 1                                         {product} {ergonomic}
     uint G1ConcRefinementThreads                  = 4                                         {product} {ergonomic}
   size_t G1HeapRegionSize                         = 1048576                                   {product} {ergonomic}
    uintx GCDrainStackTargetSize                   = 64                                        {product} {ergonomic}
   size_t InitialHeapSize                          = 8388608                                   {product} {command line}
   size_t MarkStackSize                            = 4194304                                   {product} {ergonomic}
   size_t MaxHeapSize                              = 1591738368                                {product} {ergonomic}
   size_t MaxNewSize                               = 954204160                                 {product} {ergonomic}
   size_t MinHeapDeltaBytes                        = 1048576                                   {product} {ergonomic}
    uintx NonNMethodCodeHeapSize                   = 5830732                                {pd product} {ergonomic}
    uintx NonProfiledCodeHeapSize                  = 122913754                              {pd product} {ergonomic}
    uintx ProfiledCodeHeapSize                     = 122913754                              {pd product} {ergonomic}
    uintx ReservedCodeCacheSize                    = 251658240                              {pd product} {ergonomic}
     bool SegmentedCodeCache                       = true                                      {product} {ergonomic}
     bool UseCompressedClassPointers               = true                                 {lp64_product} {ergonomic}
     bool UseCompressedOops                        = true                                 {lp64_product} {ergonomic}
     bool UseG1GC                                  = true                                      {product} {ergonomic}
     bool UseLargePagesIndividualAllocation        = false                                  {pd product} {ergonomic}

Logging:
Log output configuration:
 #0: stdout all=warning uptime,level,tags
 #1: stderr all=off uptime,level,tags

Environment Variables:
PATH=C:\Program Files\Common Files\Oracle\Java\javapath;C:\Program Files (x86)\Common Files\Oracle\Java\javapath;C:\windows\system32;C:\windows;C:\windows\System32\Wbem;C:\windows\System32\WindowsPowerShell\v1.0\;C:\windows\System32\OpenSSH\;C:\Program Files\dotnet\;C:\Program Files\Microsoft SQL Server\150\Tools\Binn\;C:\Program Files\Microsoft SQL Server\Client SDK\ODBC\170\Tools\Binn\;C:\Program Files (x86)\Microsoft SQL Server\150\Tools\Binn\;C:\Program Files\Microsoft SQL Server\150\DTS\Binn\;C:\Program Files\Azure Data Studio\bin;C:\Program Files (x86)\Microsoft SQL Server\150\DTS\Binn\;C:\WINDOWS\system32;C:\WINDOWS;C:\WINDOWS\System32\Wbem;C:\WINDOWS\System32\WindowsPowerShell\v1.0\;C:\WINDOWS\System32\OpenSSH\;C:\Program Files (x86)\Microsoft SQL Server\160\Tools\Binn\;C:\Program Files\Microsoft SQL Server\160\Tools\Binn\;C:\Program Files\Microsoft SQL Server\160\DTS\Binn\;C:\Program Files (x86)\Microsoft SQL Server\160\DTS\Binn\;C:\Users\Javier\AppData\Local\Programs\Python\Python310\Scripts\;C:\Users\Javier\AppData\Local\Programs\Python\Python310\;C:\Users\Javier\AppData\Local\Microsoft\WindowsApps;;C:\Users\Javier\AppData\Local\Programs\Microsoft VS Code\bin;C:\Users\Javier\.dotnet\tools;C:\Program Files\Azure Data Studio\bin
USERNAME=Javier
OS=Windows_NT
PROCESSOR_IDENTIFIER=AMD64 Family 23 Model 24 Stepping 1, AuthenticAMD



---------------  S Y S T E M  ---------------

OS: Windows 11 , 64 bit Build 22621 (10.0.22621.2070)

CPU:total 4 (initial active 4) (4 cores per cpu, 2 threads per core) family 23 model 24 stepping 1 microcode 0x0, cmov, cx8, fxsr, mmx, sse, sse2, sse3, ssse3, sse4.1, sse4.2, popcnt, avx, avx2, aes, clmul, mmxext, 3dnowpref, lzcnt, sse4a, ht, tsc, tscinvbit, tscinv, bmi1, bmi2, adx, s

Memory: 4k page, system-wide physical 6064M (255M free)
TotalPageFile size 24496M (AvailPageFile size 13M)
current process WorkingSet (physical memory assigned to process): 99M, peak: 100M
current process commit charge ("private bytes"): 131M, peak: 159M

vm_info: Java HotSpot(TM) 64-Bit Server VM (11.0.18+9-LTS-195) for windows-amd64 JRE (11.0.18+9-LTS-195), built on Dec  6 2022 15:50:58 by "mach5one" with MS VC++ 17.1 (VS2022)

END.
