#
# There is insufficient memory for the Java Runtime Environment to continue.
# Native memory allocation (mmap) failed to map 100663296 bytes for Failed to commit area from 0x00000000a1200000 to 0x00000000a7200000 of length 100663296.
# Possible reasons:
#   The system is out of physical RAM or swap space
#   The process is running with CompressedOops enabled, and the Java Heap may be blocking the growth of the native heap
# Possible solutions:
#   Reduce memory load on the system
#   Increase physical memory or swap space
#   Check if swap backing store is full
#   Decrease Java heap size (-Xmx/-Xms)
#   Decrease number of Java threads
#   Decrease Java thread stack sizes (-Xss)
#   Set larger code cache with -XX:ReservedCodeCacheSize=
# This output file may be truncated or incomplete.
#
#  Out of Memory Error (./open/src/hotspot/os/windows/os_windows.cpp:3292), pid=18664, tid=24376
#
# JRE version:  (11.0.18+9) (build )
# Java VM: Java HotSpot(TM) 64-Bit Server VM (11.0.18+9-LTS-195, mixed mode, sharing, tiered, compressed oops, g1 gc, windows-amd64)
# No core dump will be written. Minidumps are not enabled by default on client versions of Windows
#

---------------  S U M M A R Y ------------

Command Line: -Dfile.encoding=UTF-8 Vista.PrimerUso

Host: AMD Athlon Gold 3150U with Radeon Graphics     , 4 cores, 5G,  Windows 11 , 64 bit Build 22621 (10.0.22621.2070)
Time: Tue Aug 15 21:30:04 2023 Hora estándar, América Central elapsed time: 0.022213 seconds (0d 0h 0m 0s)

---------------  T H R E A D  ---------------

Current thread (0x00000220a4872000):  JavaThread "Unknown thread" [_thread_in_vm, id=24376, stack(0x000000a5a2900000,0x000000a5a2a00000)]

Stack: [0x000000a5a2900000,0x000000a5a2a00000]
Native frames: (J=compiled Java code, j=interpreted, Vv=VM code, C=native code)
V  [jvm.dll+0x65d8aa]
V  [jvm.dll+0x79fc1f]
V  [jvm.dll+0x7a12e9]
V  [jvm.dll+0x7a1983]
V  [jvm.dll+0x2585b5]
V  [jvm.dll+0x65ac09]
V  [jvm.dll+0x64f8e5]
V  [jvm.dll+0x311d4d]
V  [jvm.dll+0x311bb2]
V  [jvm.dll+0x3167e6]
V  [jvm.dll+0x35e8d0]
V  [jvm.dll+0x35e342]
V  [jvm.dll+0x2ed488]
V  [jvm.dll+0x2ee595]
V  [jvm.dll+0x779257]
V  [jvm.dll+0x77ab3f]
V  [jvm.dll+0x36bb59]
V  [jvm.dll+0x75dd4f]
V  [jvm.dll+0x3dd5b7]
V  [jvm.dll+0x3df661]
C  [jli.dll+0x52e7]
C  [ucrtbase.dll+0x29363]
C  [KERNEL32.DLL+0x126ad]
C  [ntdll.dll+0x5aa68]


---------------  P R O C E S S  ---------------

Threads class SMR info:
_java_thread_list=0x00000220a4614490, length=0, elements={
}

Java Threads: ( => current thread )

Other Threads:
  0x00000220a488b000 GCTaskThread "GC Thread#0" [stack: 0x000000a5a2a00000,0x000000a5a2b00000] [id=3500]
  0x00000220a48b4000 ConcurrentGCThread "G1 Main Marker" [stack: 0x000000a5a2b00000,0x000000a5a2c00000] [id=7516]
  0x00000220a4888000 ConcurrentGCThread "G1 Conc#0" [stack: 0x000000a5a2c00000,0x000000a5a2d00000] [id=24356]

[error occurred during error reporting (printing all threads), id 0xc0000005, EXCEPTION_ACCESS_VIOLATION (0xc0000005) at pc=0x00007fffeb73ded7]

VM state:not at safepoint (not fully initialized)

VM Mutex/Monitor currently owned by a thread:  ([mutex/lock_event])
[0x00000220a486e320] Heap_lock - owner thread: 0x00000220a4872000

Heap address: 0x00000000a1200000, size: 1518 MB, Compressed Oops mode: Non-zero based: 0x00000000a1200000
Narrow klass base: 0x0000000000000000, Narrow klass shift: 0

GC Heap History (0 events):
No events

Deoptimization events (0 events):
No events

Classes redefined (0 events):
No events

Internal exceptions (0 events):
No events

Events (0 events):
No events


Dynamic libraries:
0x00007ff7a37f0000 - 0x00007ff7a3800000 	C:\Program Files\Java\jdk-11\bin\java.exe
0x00007ff844570000 - 0x00007ff844784000 	C:\WINDOWS\SYSTEM32\ntdll.dll
0x00007ff843160000 - 0x00007ff843224000 	C:\WINDOWS\System32\KERNEL32.DLL
0x00007ff841950000 - 0x00007ff841cf4000 	C:\WINDOWS\System32\KERNELBASE.dll
0x00000000773e0000 - 0x0000000077711000 	C:\Program Files\Norton Security\NortonData\22.21.6.53\Definitions\IPSDefs\20230503.061\IPSEng64.dll
0x00007ff843a50000 - 0x00007ff843b00000 	C:\WINDOWS\System32\ADVAPI32.dll
0x00007ff8437f0000 - 0x00007ff843897000 	C:\WINDOWS\System32\msvcrt.dll
0x00007ff844450000 - 0x00007ff8444f6000 	C:\WINDOWS\System32\sechost.dll
0x00007ff843b00000 - 0x00007ff843c17000 	C:\WINDOWS\System32\RPCRT4.dll
0x00007ff842a00000 - 0x00007ff842a08000 	C:\WINDOWS\System32\PSAPI.DLL
0x00007ff841f70000 - 0x00007ff842081000 	C:\WINDOWS\System32\ucrtbase.dll
0x00007ff814e90000 - 0x00007ff814eab000 	C:\Program Files\Java\jdk-11\bin\VCRUNTIME140.dll
0x00007ff82d0a0000 - 0x00007ff82d0b8000 	C:\Program Files\Java\jdk-11\bin\jli.dll
0x00007ff843230000 - 0x00007ff8433da000 	C:\WINDOWS\System32\USER32.dll
0x00007ff841ec0000 - 0x00007ff841ee6000 	C:\WINDOWS\System32\win32u.dll
0x00007ff844500000 - 0x00007ff844529000 	C:\WINDOWS\System32\GDI32.dll
0x00007ff841da0000 - 0x00007ff841eb9000 	C:\WINDOWS\System32\gdi32full.dll
0x00007ff841d00000 - 0x00007ff841d9a000 	C:\WINDOWS\System32\msvcp_win.dll
0x00007ff821bb0000 - 0x00007ff821e3f000 	C:\WINDOWS\WinSxS\amd64_microsoft.windows.common-controls_6595b64144ccf1df_6.0.22621.2070_none_2713e6537381f706\COMCTL32.dll
0x00007ff838bd0000 - 0x00007ff838bda000 	C:\WINDOWS\SYSTEM32\VERSION.dll
0x00007ff842550000 - 0x00007ff842581000 	C:\WINDOWS\System32\IMM32.DLL
0x00007ff81e0c0000 - 0x00007ff81e0cc000 	C:\Program Files\Java\jdk-11\bin\vcruntime140_1.dll
0x00007ffff81b0000 - 0x00007ffff823e000 	C:\Program Files\Java\jdk-11\bin\msvcp140.dll
0x00007fffeb440000 - 0x00007fffebfa8000 	C:\Program Files\Java\jdk-11\bin\server\jvm.dll
0x00007ff829420000 - 0x00007ff829429000 	C:\WINDOWS\SYSTEM32\WSOCK32.dll
0x00007ff83b350000 - 0x00007ff83b384000 	C:\WINDOWS\SYSTEM32\WINMM.dll
0x00007ff842b80000 - 0x00007ff842bf1000 	C:\WINDOWS\System32\WS2_32.dll
0x00007ff840a30000 - 0x00007ff840a48000 	C:\WINDOWS\SYSTEM32\kernel.appcore.dll
0x00007ff81d510000 - 0x00007ff81d520000 	C:\Program Files\Java\jdk-11\bin\verify.dll
0x00007ff830570000 - 0x00007ff83079e000 	C:\WINDOWS\SYSTEM32\DBGHELP.DLL
0x00007ff842590000 - 0x00007ff84291a000 	C:\WINDOWS\System32\combase.dll
0x00007ff842aa0000 - 0x00007ff842b77000 	C:\WINDOWS\System32\OLEAUT32.dll
0x00007ff829450000 - 0x00007ff829482000 	C:\WINDOWS\SYSTEM32\dbgcore.DLL
0x00007ff841ef0000 - 0x00007ff841f6a000 	C:\WINDOWS\System32\bcryptPrimitives.dll
0x00007ff814e20000 - 0x00007ff814e48000 	C:\Program Files\Java\jdk-11\bin\java.dll
0x00007ff81d3a0000 - 0x00007ff81d3aa000 	C:\Program Files\Java\jdk-11\bin\jimage.dll
0x00007ff814e00000 - 0x00007ff814e17000 	C:\Program Files\Java\jdk-11\bin\zip.dll

dbghelp: loaded successfully - version: 4.0.5 - missing functions: none
symbol engine: initialized successfully - sym options: 0x614 - pdb path: .;C:\Program Files\Java\jdk-11\bin;C:\WINDOWS\SYSTEM32;C:\Program Files\Norton Security\NortonData\22.21.6.53\Definitions\IPSDefs\20230503.061;C:\WINDOWS\WinSxS\amd64_microsoft.windows.common-controls_6595b64144ccf1df_6.0.22621.2070_none_2713e6537381f706;C:\Program Files\Java\jdk-11\bin\server

VM Arguments:
jvm_args: -Dfile.encoding=UTF-8 
java_command: Vista.PrimerUso
java_class_path (initial): C:\Program Files\NetBeans-11.1\netbeans\java\modules\ext\AbsoluteLayout.jar;C:\Users\Javier\OneDrive\Escritorio\librerias java\RSScaleLabel.jar;C:\Users\Javier\OneDrive\Escritorio\librerias java\mssql-jdbc-12.2.0.jre11.jar;C:\Users\Javier\OneDrive\Escritorio\librerias java\Desplazable.jar;C:\Users\Javier\OneDrive\Escritorio\ptc\PTC-2023\jcalendar-1.4.jar;C:\Users\Javier\OneDrive\Escritorio\librerias java\activation.jar;C:\Users\Javier\OneDrive\Escritorio\librerias java\javax.mail.jar;C:\Users\Javier\OneDrive\Escritorio\librerias java\librerias encriptacion\commons-codec-1.6-javadoc.jar;C:\Users\Javier\OneDrive\Escritorio\librerias java\librerias encriptacion\commons-codec-1.6-sources.jar;C:\Users\Javier\OneDrive\Escritorio\librerias java\librerias encriptacion\commons-codec-1.6-tests.jar;C:\Users\Javier\OneDrive\Escritorio\librerias java\librerias encriptacion\commons-codec-1.6.jar;C:\Users\Javier\OneDrive\Escritorio\ptc\PTC-2023\build\classes
Launcher Type: SUN_STANDARD

[Global flags]
     intx CICompilerCount                          = 3                                         {product} {ergonomic}
     uint ConcGCThreads                            = 1                                         {product} {ergonomic}
     uint G1ConcRefinementThreads                  = 4                                         {product} {ergonomic}
   size_t G1HeapRegionSize                         = 1048576                                   {product} {ergonomic}
    uintx GCDrainStackTargetSize                   = 64                                        {product} {ergonomic}
   size_t InitialHeapSize                          = 100663296                                 {product} {ergonomic}
   size_t MarkStackSize                            = 4194304                                   {product} {ergonomic}
   size_t MaxHeapSize                              = 1591738368                                {product} {ergonomic}
   size_t MinHeapDeltaBytes                        = 1048576                                   {product} {ergonomic}
    uintx NonNMethodCodeHeapSize                   = 5830732                                {pd product} {ergonomic}
    uintx NonProfiledCodeHeapSize                  = 122913754                              {pd product} {ergonomic}
    uintx ProfiledCodeHeapSize                     = 122913754                              {pd product} {ergonomic}
    uintx ReservedCodeCacheSize                    = 251658240                              {pd product} {ergonomic}
     bool SegmentedCodeCache                       = true                                      {product} {ergonomic}
     bool UseCompressedClassPointers               = true                                 {lp64_product} {ergonomic}
     bool UseCompressedOops                        = true                                 {lp64_product} {ergonomic}
     bool UseG1GC                                  = true                                      {product} {ergonomic}
     bool UseLargePagesIndividualAllocation        = false                                  {pd product} {ergonomic}

Logging:
Log output configuration:
 #0: stdout all=warning uptime,level,tags
 #1: stderr all=off uptime,level,tags

Environment Variables:
PATH=C:\Program Files\Common Files\Oracle\Java\javapath;C:\Program Files (x86)\Common Files\Oracle\Java\javapath;C:\windows\system32;C:\windows;C:\windows\System32\Wbem;C:\windows\System32\WindowsPowerShell\v1.0\;C:\windows\System32\OpenSSH\;C:\Program Files\dotnet\;C:\Program Files\Microsoft SQL Server\150\Tools\Binn\;C:\Program Files\Microsoft SQL Server\Client SDK\ODBC\170\Tools\Binn\;C:\Program Files (x86)\Microsoft SQL Server\150\Tools\Binn\;C:\Program Files\Microsoft SQL Server\150\DTS\Binn\;C:\Program Files\Azure Data Studio\bin;C:\Program Files (x86)\Microsoft SQL Server\150\DTS\Binn\;C:\WINDOWS\system32;C:\WINDOWS;C:\WINDOWS\System32\Wbem;C:\WINDOWS\System32\WindowsPowerShell\v1.0\;C:\WINDOWS\System32\OpenSSH\;C:\Program Files (x86)\Microsoft SQL Server\160\Tools\Binn\;C:\Program Files\Microsoft SQL Server\160\Tools\Binn\;C:\Program Files\Microsoft SQL Server\160\DTS\Binn\;C:\Program Files (x86)\Microsoft SQL Server\160\DTS\Binn\;C:\Users\Javier\AppData\Local\Programs\Python\Python310\Scripts\;C:\Users\Javier\AppData\Local\Programs\Python\Python310\;C:\Users\Javier\AppData\Local\Microsoft\WindowsApps;;C:\Users\Javier\AppData\Local\Programs\Microsoft VS Code\bin;C:\Users\Javier\.dotnet\tools;C:\Program Files\Azure Data Studio\bin
USERNAME=Javier
OS=Windows_NT
PROCESSOR_IDENTIFIER=AMD64 Family 23 Model 24 Stepping 1, AuthenticAMD



---------------  S Y S T E M  ---------------

OS: Windows 11 , 64 bit Build 22621 (10.0.22621.2070)

CPU:total 4 (initial active 4) (4 cores per cpu, 2 threads per core) family 23 model 24 stepping 1 microcode 0x0, cmov, cx8, fxsr, mmx, sse, sse2, sse3, ssse3, sse4.1, sse4.2, popcnt, avx, avx2, aes, clmul, mmxext, 3dnowpref, lzcnt, sse4a, ht, tsc, tscinvbit, tscinv, bmi1, bmi2, adx, s

Memory: 4k page, system-wide physical 6064M (361M free)
TotalPageFile size 24496M (AvailPageFile size 75M)
current process WorkingSet (physical memory assigned to process): 11M, peak: 11M
current process commit charge ("private bytes"): 52M, peak: 148M

vm_info: Java HotSpot(TM) 64-Bit Server VM (11.0.18+9-LTS-195) for windows-amd64 JRE (11.0.18+9-LTS-195), built on Dec  6 2022 15:50:58 by "mach5one" with MS VC++ 17.1 (VS2022)

END.
